0 info it worked if it ends with ok
1 verbose cli [ 'C:\\Program Files\\nodejs\\node.exe',
1 verbose cli   'C:\\Program Files\\nodejs\\node_modules\\npm\\bin\\npm-cli.js',
1 verbose cli   'run',
1 verbose cli   'test' ]
2 info using npm@4.1.2
3 info using node@v7.7.3
4 verbose run-script [ 'pretest', 'test', 'posttest' ]
5 info lifecycle full-stack-redux@1.0.0~pretest: full-stack-redux@1.0.0
6 silly lifecycle full-stack-redux@1.0.0~pretest: no script for pretest, continuing
7 info lifecycle full-stack-redux@1.0.0~test: full-stack-redux@1.0.0
8 verbose lifecycle full-stack-redux@1.0.0~test: unsafe-perm in lifecycle true
9 verbose lifecycle full-stack-redux@1.0.0~test: PATH: C:\Program Files\nodejs\node_modules\npm\bin\node-gyp-bin;C:\Tutorials\full-stack-redux\node_modules\.bin;C:\Python36\Scripts\;C:\Python36\;C:\ProgramData\Oracle\Java\javapath;C:\Windows\system32;C:\Windows;C:\Windows\System32\Wbem;C:\Windows\System32\WindowsPowerShell\v1.0\;C:\Windows\system32\config\systemprofile\.dnx\bin;C:\Program Files\Microsoft DNX\Dnvm\;C:\Program Files\Microsoft SQL Server\130\Tools\Binn\;C:\ProgramData\chocolatey\bin;C:\Program Files\nodejs\;C:\Program Files\Git\cmd;C:\Program Files (x86)\Skype\Phone\;C:\Users\tacaltd\AppData\Local\Microsoft\WindowsApps;C:\Users\tacaltd\AppData\Local\atom\bin;C:\Users\tacaltd\AppData\Roaming\npm;C:\Program Files (x86)\Microsoft VS Code\bin;C:\Program Files\Heroku\bin
10 verbose lifecycle full-stack-redux@1.0.0~test: CWD: C:\Tutorials\full-stack-redux
11 silly lifecycle full-stack-redux@1.0.0~test: Args: [ '/d /s /c',
11 silly lifecycle   'mocha --compilers js:babel-core/register --recursive' ]
12 silly lifecycle full-stack-redux@1.0.0~test: Returned: code: 1  signal: null
13 info lifecycle full-stack-redux@1.0.0~test: Failed to exec test script
14 verbose stack Error: full-stack-redux@1.0.0 test: `mocha --compilers js:babel-core/register --recursive`
14 verbose stack Exit status 1
14 verbose stack     at EventEmitter.<anonymous> (C:\Program Files\nodejs\node_modules\npm\lib\utils\lifecycle.js:279:16)
14 verbose stack     at emitTwo (events.js:106:13)
14 verbose stack     at EventEmitter.emit (events.js:194:7)
14 verbose stack     at ChildProcess.<anonymous> (C:\Program Files\nodejs\node_modules\npm\lib\utils\spawn.js:40:14)
14 verbose stack     at emitTwo (events.js:106:13)
14 verbose stack     at ChildProcess.emit (events.js:194:7)
14 verbose stack     at maybeClose (internal/child_process.js:899:16)
14 verbose stack     at Process.ChildProcess._handle.onexit (internal/child_process.js:226:5)
15 verbose pkgid full-stack-redux@1.0.0
16 verbose cwd C:\Tutorials\full-stack-redux
17 error Windows_NT 10.0.14393
18 error argv "C:\\Program Files\\nodejs\\node.exe" "C:\\Program Files\\nodejs\\node_modules\\npm\\bin\\npm-cli.js" "run" "test"
19 error node v7.7.3
20 error npm  v4.1.2
21 error code ELIFECYCLE
22 error full-stack-redux@1.0.0 test: `mocha --compilers js:babel-core/register --recursive`
22 error Exit status 1
23 error Failed at the full-stack-redux@1.0.0 test script 'mocha --compilers js:babel-core/register --recursive'.
23 error Make sure you have the latest version of node.js and npm installed.
23 error If you do, this is most likely a problem with the full-stack-redux package,
23 error not with npm itself.
23 error Tell the author that this fails on your system:
23 error     mocha --compilers js:babel-core/register --recursive
23 error You can get information on how to open an issue for this project with:
23 error     npm bugs full-stack-redux
23 error Or if that isn't available, you can get their info via:
23 error     npm owner ls full-stack-redux
23 error There is likely additional logging output above.
24 verbose exit [ 1, true ]
